2024-02-10 15:59:24 [scrapy.utils.log] INFO: Scrapy 2.9.0 started (bot: govstat)
2024-02-10 15:59:24 [scrapy.utils.log] INFO: Versions: lxml 4.9.1.0, libxml2 2.10.4, cssselect 1.2.0, parsel 1.8.1, w3lib 2.1.2, Twisted 22.10.0, Python 3.10.13 (main, Sep 11 2023, 13:44:35) [GCC 11.2.0], pyOpenSSL 24.0.0 (OpenSSL 3.2.1 30 Jan 2024), cryptography 42.0.2, Platform Linux-6.6.4-060604-generic-x86_64-with-glibc2.35
2024-02-10 15:59:24 [scrapy.crawler] INFO: Overridden settings:
{'BOT_NAME': 'govstat',
 'EDITOR': '/usr/bin/vim',
 'FEED_EXPORT_ENCODING': 'utf-8',
 'LOG_FILE': 'logs/province_2024-02-10.log',
 'LOG_LEVEL': 'ERROR',
 'NEWSPIDER_MODULE': 'govstat.spiders',
 'REQUEST_FINGERPRINTER_IMPLEMENTATION': '2.7',
 'SPIDER_MODULES': ['govstat.spiders'],
 'TWISTED_REACTOR': 'twisted.internet.asyncioreactor.AsyncioSelectorReactor'}
2024-02-10 15:59:43 [scrapy.utils.log] INFO: Scrapy 2.9.0 started (bot: govstat)
2024-02-10 15:59:43 [scrapy.utils.log] INFO: Versions: lxml 4.9.1.0, libxml2 2.10.4, cssselect 1.2.0, parsel 1.8.1, w3lib 2.1.2, Twisted 22.10.0, Python 3.10.13 (main, Sep 11 2023, 13:44:35) [GCC 11.2.0], pyOpenSSL 24.0.0 (OpenSSL 3.2.1 30 Jan 2024), cryptography 42.0.2, Platform Linux-6.6.4-060604-generic-x86_64-with-glibc2.35
2024-02-10 15:59:43 [scrapy.crawler] INFO: Overridden settings:
{'BOT_NAME': 'govstat',
 'EDITOR': '/usr/bin/vim',
 'FEED_EXPORT_ENCODING': 'utf-8',
 'LOG_FILE': 'logs/city_2024-02-10.log',
 'LOG_LEVEL': 'ERROR',
 'NEWSPIDER_MODULE': 'govstat.spiders',
 'REQUEST_FINGERPRINTER_IMPLEMENTATION': '2.7',
 'SPIDER_MODULES': ['govstat.spiders'],
 'TWISTED_REACTOR': 'twisted.internet.asyncioreactor.AsyncioSelectorReactor'}
2024-02-10 16:33:56 [scrapy.utils.log] INFO: Scrapy 2.9.0 started (bot: govstat)
2024-02-10 16:33:56 [scrapy.utils.log] INFO: Versions: lxml 4.9.1.0, libxml2 2.10.4, cssselect 1.2.0, parsel 1.8.1, w3lib 2.1.2, Twisted 22.10.0, Python 3.10.13 (main, Sep 11 2023, 13:44:35) [GCC 11.2.0], pyOpenSSL 24.0.0 (OpenSSL 3.2.1 30 Jan 2024), cryptography 42.0.2, Platform Linux-6.6.4-060604-generic-x86_64-with-glibc2.35
2024-02-10 16:33:56 [scrapy.crawler] INFO: Overridden settings:
{'BOT_NAME': 'govstat',
 'EDITOR': '/usr/bin/vim',
 'FEED_EXPORT_ENCODING': 'utf-8',
 'LOG_FILE': 'logs/county_2024-02-10.log',
 'LOG_LEVEL': 'ERROR',
 'NEWSPIDER_MODULE': 'govstat.spiders',
 'REQUEST_FINGERPRINTER_IMPLEMENTATION': '2.7',
 'SPIDER_MODULES': ['govstat.spiders'],
 'TWISTED_REACTOR': 'twisted.internet.asyncioreactor.AsyncioSelectorReactor'}
2024-02-10 16:38:11 [scrapy.utils.log] INFO: Scrapy 2.9.0 started (bot: govstat)
2024-02-10 16:38:11 [scrapy.utils.log] INFO: Versions: lxml 4.9.1.0, libxml2 2.10.4, cssselect 1.2.0, parsel 1.8.1, w3lib 2.1.2, Twisted 22.10.0, Python 3.10.13 (main, Sep 11 2023, 13:44:35) [GCC 11.2.0], pyOpenSSL 24.0.0 (OpenSSL 3.2.1 30 Jan 2024), cryptography 42.0.2, Platform Linux-6.6.4-060604-generic-x86_64-with-glibc2.35
2024-02-10 16:38:11 [scrapy.crawler] INFO: Overridden settings:
{'BOT_NAME': 'govstat',
 'EDITOR': '/usr/bin/vim',
 'FEED_EXPORT_ENCODING': 'utf-8',
 'LOG_FILE': 'logs/town_2024-02-10.log',
 'LOG_LEVEL': 'ERROR',
 'NEWSPIDER_MODULE': 'govstat.spiders',
 'REQUEST_FINGERPRINTER_IMPLEMENTATION': '2.7',
 'SPIDER_MODULES': ['govstat.spiders'],
 'TWISTED_REACTOR': 'twisted.internet.asyncioreactor.AsyncioSelectorReactor'}
